<?xml version="1.0" encoding="UTF-8" ?>
<testsuite errors="0" failures="0" hostname="NOFFABEL-T580" name="umons.money.MoneyTest" skipped="0" tests="4" time="0.194" timestamp="2019-10-02T14:17:19">
  <properties>
[...]
</properties>
  <testcase classname="umons.money.MoneyTest" name="testAdd_int_String" time="0.007" />
  <testcase classname="umons.money.MoneyTest" name="testAdd_Money" time="0.003" />
  <testcase classname="umons.money.MoneyTest" name="testAmount" time="0.0" />
  <testcase classname="umons.money.MoneyTest" name="testCurrency" time="0.0" />
  <system-out><![CDATA[add
add
amount
currency
]]></system-out>
  <system-err><![CDATA[]]></system-err>
</testsuite>
