<?xml version="1.0" encoding="UTF-8" ?>
<testsuite tests="4" failures="0" name="umons.money.MoneyTest" time="0.007" errors="0" skipped="0">
  <properties>
[...]
</properties>
  <testcase classname="umons.money.MoneyTest" name="testAdd_int_String" time="0.005"/>
  <testcase classname="umons.money.MoneyTest" name="testAdd_Money" time="0"/>
  <testcase classname="umons.money.MoneyTest" name="testAmount" time="0.001"/>
  <testcase classname="umons.money.MoneyTest" name="testCurrency" time="0.001"/>
</testsuite>